This file contains any messages produced by compilers while
running configure, to aid debugging if configure makes a mistake.

It was created by libAfterImage configure 1.20, which was
generated by GNU Autoconf 2.59.  Invocation command line was

  $ ./configure 

## --------- ##
## Platform. ##
## --------- ##

hostname = LAPTOP-DMLBTRPA
uname -m = x86_64
uname -r = 2.5.2(0.297/5/3)
uname -s = CYGWIN_NT-10.0
uname -v = 2016-06-23 14:29

/usr/bin/uname -p = unknown
/bin/uname -X     = unknown

/bin/arch              = x86_64
/usr/bin/arch -k       = unknown
/usr/convex/getsysinfo = unknown
hostinfo               = unknown
/bin/machine           = unknown
/usr/bin/oslevel       = unknown
/bin/universe          = unknown

PATH: /usr/local/bin
PATH: /usr/bin
PATH: /cygdrive/c/Program Files/NVIDIA GPU Computing Toolkit/CUDA/v7.5/bin
PATH: /cygdrive/c/Program Files/NVIDIA GPU Computing Toolkit/CUDA/v7.5/libnvvp
PATH: /cygdrive/c/ProgramData/Oracle/Java/javapath
PATH: /cygdrive/c/Program Files (x86)/Intel/iCLS Client
PATH: /cygdrive/c/Program Files/Intel/iCLS Client
PATH: /cygdrive/c/Windows/system32
PATH: /cygdrive/c/Windows
PATH: /cygdrive/c/Windows/System32/Wbem
PATH: /cygdrive/c/Windows/System32/WindowsPowerShell/v1.0
PATH: /cygdrive/c/Program Files (x86)/Intel/Intel(R) Management Engine Components/DAL
PATH: /cygdrive/c/Program Files/Intel/Intel(R) Management Engine Components/DAL
PATH: /cygdrive/c/Program Files (x86)/Intel/Intel(R) Management Engine Components/IPT
PATH: /cygdrive/c/Program Files/Intel/Intel(R) Management Engine Components/IPT
PATH: /cygdrive/c/Program Files (x86)/NVIDIA Corporation/PhysX/Common
PATH: /cygdrive/c/WINDOWS/system32
PATH: /cygdrive/c/WINDOWS
PATH: /cygdrive/c/WINDOWS/System32/Wbem
PATH: /cygdrive/c/WINDOWS/System32/WindowsPowerShell/v1.0
PATH: /cygdrive/c/Users/kia/.dnx/bin
PATH: /cygdrive/c/Program Files/Microsoft DNX/Dnvm
PATH: /cygdrive/c/Program Files (x86)/Windows Kits/8.1/Windows Performance Toolkit
PATH: /cygdrive/c/Program Files/Microsoft SQL Server/110/Tools/Binn
PATH: /cygdrive/c/Aldec/Active-HDL-Student-Edition/bin
PATH: /usr/lib/lapack


## ----------- ##
## Core tests. ##
## ----------- ##

configure:1647: checking for gcc
configure:1663: found /usr/bin/gcc
configure:1673: result: gcc
configure:1917: checking for C compiler version
configure:1920: gcc --version </dev/null >&5
gcc (GCC) 5.4.0
Copyright (C) 2015 Free Software Foundation, Inc.
This is free software; see the source for copying conditions.  There is NO
warranty; not even for MERCHANTABILITY or FITNESS FOR A PARTICULAR PURPOSE.

configure:1923: $? = 0
configure:1925: gcc -v </dev/null >&5
Using built-in specs.
COLLECT_GCC=gcc
COLLECT_LTO_WRAPPER=/usr/lib/gcc/x86_64-pc-cygwin/5.4.0/lto-wrapper.exe
Target: x86_64-pc-cygwin
Configured with: /cygdrive/i/szsz/tmpp/gcc/gcc-5.4.0-1.x86_64/src/gcc-5.4.0/configure --srcdir=/cygdrive/i/szsz/tmpp/gcc/gcc-5.4.0-1.x86_64/src/gcc-5.4.0 --prefix=/usr --exec-prefix=/usr --localstatedir=/var --sysconfdir=/etc --docdir=/usr/share/doc/gcc --htmldir=/usr/share/doc/gcc/html -C --build=x86_64-pc-cygwin --host=x86_64-pc-cygwin --target=x86_64-pc-cygwin --without-libiconv-prefix --without-libintl-prefix --libexecdir=/usr/lib --enable-shared --enable-shared-libgcc --enable-static --enable-version-specific-runtime-libs --enable-bootstrap --enable-__cxa_atexit --with-dwarf2 --with-tune=generic --enable-languages=ada,c,c++,fortran,lto,objc,obj-c++ --enable-graphite --enable-threads=posix --enable-libatomic --enable-libcilkrts --enable-libgomp --enable-libitm --enable-libquadmath --enable-libquadmath-support --enable-libssp --enable-libada --enable-libgcj-sublibs --disable-java-awt --disable-symvers --with-ecj-jar=/usr/share/java/ecj.jar --with-gnu-ld --with-gnu-as --with-cloog-include=/usr/include/cloog-isl --without-libiconv-prefix --without-libintl-prefix --with-system-zlib --enable-linker-build-id --with-default-libstdcxx-abi=gcc4-compatible
Thread model: posix
gcc version 5.4.0 (GCC) 
configure:1928: $? = 0
configure:1930: gcc -V </dev/null >&5
gcc: error: unrecognized command line option '-V'
gcc: fatal error: no input files
compilation terminated.
configure:1933: $? = 1
configure:1956: checking for C compiler default output file name
configure:1959: gcc    conftest.c  >&5
configure:1962: $? = 0
configure:2008: result: a.exe
configure:2013: checking whether the C compiler works
configure:2019: ./a.exe
configure:2022: $? = 0
configure:2039: result: yes
configure:2046: checking whether we are cross compiling
configure:2048: result: no
configure:2051: checking for suffix of executables
configure:2053: gcc -o conftest.exe    conftest.c  >&5
configure:2056: $? = 0
configure:2081: result: .exe
configure:2087: checking for suffix of object files
configure:2108: gcc -c   conftest.c >&5
configure:2111: $? = 0
configure:2133: result: o
configure:2137: checking whether we are using the GNU C compiler
configure:2161: gcc -c   conftest.c >&5
configure:2167: $? = 0
configure:2170: test -z 			 || test ! -s conftest.err
configure:2173: $? = 0
configure:2176: test -s conftest.o
configure:2179: $? = 0
configure:2192: result: yes
configure:2198: checking whether gcc accepts -g
configure:2219: gcc -c -g  conftest.c >&5
configure:2225: $? = 0
configure:2228: test -z 			 || test ! -s conftest.err
configure:2231: $? = 0
configure:2234: test -s conftest.o
configure:2237: $? = 0
configure:2248: result: yes
configure:2265: checking for gcc option to accept ANSI C
configure:2335: gcc  -c -g -O2  conftest.c >&5
configure:2341: $? = 0
configure:2344: test -z 			 || test ! -s conftest.err
configure:2347: $? = 0
configure:2350: test -s conftest.o
configure:2353: $? = 0
configure:2371: result: none needed
configure:2389: gcc -c -g -O2  conftest.c >&5
conftest.c:2:3: error: unknown type name 'choke'
   choke me
   ^
conftest.c:2:3: error: expected '=', ',', ';', 'asm' or '__attribute__' at end of input
configure:2395: $? = 1
configure: failed program was:
| #ifndef __cplusplus
|   choke me
| #endif
configure:2525: checking whether ln -s works
configure:2529: result: yes
configure:2569: checking build system type
configure:2578: error: cannot guess build type; you must specify one

## ---------------- ##
## Cache variables. ##
## ---------------- ##

ac_cv_build_alias=
ac_cv_c_compiler_gnu=yes
ac_cv_env_CC_set=
ac_cv_env_CC_value=
ac_cv_env_CFLAGS_set=
ac_cv_env_CFLAGS_value=
ac_cv_env_CPPFLAGS_set=
ac_cv_env_CPPFLAGS_value=
ac_cv_env_CPP_set=
ac_cv_env_CPP_value=
ac_cv_env_LDFLAGS_set=
ac_cv_env_LDFLAGS_value=
ac_cv_env_PKG_CONFIG_set=
ac_cv_env_PKG_CONFIG_value=
ac_cv_env_SVG_CFLAGS_set=
ac_cv_env_SVG_CFLAGS_value=
ac_cv_env_SVG_LIBS_set=
ac_cv_env_SVG_LIBS_value=
ac_cv_env_build_alias_set=
ac_cv_env_build_alias_value=
ac_cv_env_host_alias_set=
ac_cv_env_host_alias_value=
ac_cv_env_target_alias_set=
ac_cv_env_target_alias_value=
ac_cv_exeext=.exe
ac_cv_objext=o
ac_cv_prog_ac_ct_CC=gcc
ac_cv_prog_cc_g=yes
ac_cv_prog_cc_stdc=

## ----------------- ##
## Output variables. ##
## ----------------- ##

AFTERBASE_C=''
AFTERBASE_INCS_PATH=''
AFTERIMAGE_APPS_LIBS=''
AFTERIMAGE_LIBS=''
AFTERIMAGE_LIBS_EXTERNAL=''
AFTERIMAGE_LIB_LIBS=''
AFTERIMAGE_TEST_LIBS=''
APPSDEPS=''
CC='gcc'
CFLAGS='-g -O2'
CP=''
CPP=''
CPPFLAGS=''
DEFINE_XLOCALE=''
DEFS=''
ECHO_C=''
ECHO_N='-n'
ECHO_T=''
EGREP=''
EXEEXT='.exe'
FIND=''
GIF_CFLAGS=''
HAVE_AFTERBASE_FLAG=''
INSTALL=''
INSTALL_DATA=''
INSTALL_LIB=''
INSTALL_PROGRAM=''
INSTALL_SCRIPT=''
JPEG_CFLAGS=''
JPEG_OBJS=''
LDCONFIG=''
LDFLAGS=''
LEX=''
LEXLIB=''
LIBINSTALL=''
LIBOBJS=''
LIBPROG=''
LIBS=''
LN_S='ln -s'
LTLIBOBJS=''
MKDIR=''
MMX_CFLAGS=''
MV=''
OBJEXT='o'
PACKAGE_BUGREPORT='as-bugs@afterstep.org'
PACKAGE_NAME='libAfterImage'
PACKAGE_STRING='libAfterImage 1.20'
PACKAGE_TARNAME='libAfterImage.tar'
PACKAGE_VERSION='1.20'
PATH_SEPARATOR=':'
PERL=''
PKG_CONFIG=''
PNG_CFLAGS=''
PNG_OBJS=''
RANLIB=''
RM=''
SHELL='/bin/sh'
SVG_CFLAGS=''
SVG_LIBS=''
TIFF_CFLAGS=''
TTF_INCLUDES=''
UNGIF_OBJS=''
USE_DEFAULT_AFTERBASE=''
XARGS=''
XPM_CFLAGS=''
X_CFLAGS=''
X_EXTRA_LIBS=''
X_LIBS=''
X_PRE_LIBS=''
YACC=''
ZLIB_OBJS=''
ac_ct_CC='gcc'
ac_ct_RANLIB=''
ac_pt_PKG_CONFIG=''
afterimage_x_support=''
bindir='${exec_prefix}/bin'
build=''
build_alias=''
build_cpu=''
build_os=''
build_vendor=''
datadir='${prefix}/share'
exec_prefix='/usr/local'
have_afterbase=''
host=''
host_alias=''
host_cpu=''
host_os=''
host_vendor=''
image_format=''
includedir='/usr/local/include'
infodir='${prefix}/info'
lib_file_name='libAfterImage'
lib_name='LIBAFTERIMAGE'
libdir='/usr/local/lib'
libexecdir='${exec_prefix}/libexec'
localstatedir='${prefix}/var'
mandir='/usr/local/man'
oldincludedir='/usr/include'
prefix='/usr/local'
program_transform_name='s,x,x,'
sbindir='${exec_prefix}/sbin'
sharedstatedir='${prefix}/com'
sysconfdir='${prefix}/etc'
target=''
target_alias=''
target_cpu=''
target_os=''
target_vendor=''
user_ldflags=''
version='1.20'
version_major='1'
with_locale=''
x_libs=''

## ------------- ##
## Output files. ##
## ------------- ##

LIBAFTERIMAGEFILES=''

## ----------- ##
## confdefs.h. ##
## ----------- ##

#define PACKAGE_BUGREPORT "as-bugs@afterstep.org"
#define PACKAGE_NAME "libAfterImage"
#define PACKAGE_STRING "libAfterImage 1.20"
#define PACKAGE_TARNAME "libAfterImage.tar"
#define PACKAGE_VERSION "1.20"

configure: exit 1
