This file contains any messages produced by compilers while
running configure, to aid debugging if configure makes a mistake.

It was created by GD configure 2.2.3, which was
generated by GNU Autoconf 2.69.  Invocation command line was

  $ ./configure 

## --------- ##
## Platform. ##
## --------- ##

hostname = MacGio
uname -m = x86_64
uname -r = 14.5.0
uname -s = Darwin
uname -v = Darwin Kernel Version 14.5.0: Tue Sep  1 21:23:09 PDT 2015; root:xnu-2782.50.1~1/RELEASE_X86_64

/usr/bin/uname -p = i386
/bin/uname -X     = unknown

/bin/arch              = unknown
/usr/bin/arch -k       = unknown
/usr/convex/getsysinfo = unknown
/usr/bin/hostinfo      = Mach kernel version:
	 Darwin Kernel Version 14.5.0: Tue Sep  1 21:23:09 PDT 2015; root:xnu-2782.50.1~1/RELEASE_X86_64
Kernel configured for up to 2 processors.
2 processors are physically available.
2 processors are logically available.
Processor type: i486 (Intel 80486)
Processors active: 0 1
Primary memory available: 4.00 gigabytes
Default processor set: 182 tasks, 772 threads, 2 processors
Load average: 1.33, Mach factor: 0.85
/bin/machine           = unknown
/usr/bin/oslevel       = unknown
/bin/universe          = unknown

PATH: /usr/local/bin
PATH: /usr/bin
PATH: /bin
PATH: /usr/sbin
PATH: /sbin
PATH: /opt/X11/bin
PATH: /Library/TeX/texbin


## ----------- ##
## Core tests. ##
## ----------- ##

configure:2379: checking build system type
configure:2393: result: x86_64-apple-darwin14.5.0
configure:2413: checking host system type
configure:2426: result: x86_64-apple-darwin14.5.0
configure:2497: checking for a BSD-compatible install
configure:2565: result: /usr/bin/install -c
configure:2576: checking whether build environment is sane
configure:2631: result: yes
configure:2782: checking for a thread-safe mkdir -p
configure:2821: result: config/install-sh -c -d
configure:2828: checking for gawk
configure:2858: result: no
configure:2828: checking for mawk
configure:2858: result: no
configure:2828: checking for nawk
configure:2858: result: no
configure:2828: checking for awk
configure:2844: found /usr/bin/awk
configure:2855: result: awk
configure:2866: checking whether make sets $(MAKE)
configure:2888: result: yes
configure:2917: checking whether make supports nested variables
configure:2934: result: yes
configure:3075: checking for style of include used by make
configure:3103: result: GNU
configure:3174: checking for gcc
configure:3190: found /usr/bin/gcc
configure:3201: result: gcc
configure:3430: checking for C compiler version
configure:3439: gcc --version >&5
Apple LLVM version 7.0.2 (clang-700.1.81)
Target: x86_64-apple-darwin14.5.0
Thread model: posix
Configured with: --prefix=/Applications/Xcode.app/Contents/Developer/usr --with-gxx-include-dir=/usr/include/c++/4.2.1
configure:3450: $? = 0
configure:3439: gcc -v >&5
Configured with: --prefix=/Applications/Xcode.app/Contents/Developer/usr --with-gxx-include-dir=/usr/include/c++/4.2.1
Apple LLVM version 7.0.2 (clang-700.1.81)
Target: x86_64-apple-darwin14.5.0
Thread model: posix
configure:3450: $? = 0
configure:3439: gcc -V >&5
clang: error: argument to '-V' is missing (expected 1 value)
clang: error: no input files
configure:3450: $? = 1
configure:3439: gcc -qversion >&5
clang: error: unknown argument: '-qversion'
clang: error: no input files
configure:3450: $? = 1
configure:3470: checking whether the C compiler works
configure:3492: gcc    conftest.c  >&5
configure:3496: $? = 0
configure:3544: result: yes
configure:3547: checking for C compiler default output file name
configure:3549: result: a.out
configure:3555: checking for suffix of executables
configure:3562: gcc -o conftest    conftest.c  >&5
configure:3566: $? = 0
configure:3588: result: 
configure:3610: checking whether we are cross compiling
configure:3618: gcc -o conftest    conftest.c  >&5
configure:3622: $? = 0
configure:3629: ./conftest
configure:3633: $? = 0
configure:3648: result: no
configure:3653: checking for suffix of object files
configure:3675: gcc -c   conftest.c >&5
configure:3679: $? = 0
configure:3700: result: o
configure:3704: checking whether we are using the GNU C compiler
configure:3723: gcc -c   conftest.c >&5
configure:3723: $? = 0
configure:3732: result: yes
configure:3741: checking whether gcc accepts -g
configure:3761: gcc -c -g  conftest.c >&5
configure:3761: $? = 0
configure:3802: result: yes
configure:3819: checking for gcc option to accept ISO C89
configure:3882: gcc  -c -g -O2  conftest.c >&5
configure:3882: $? = 0
configure:3895: result: none needed
configure:3920: checking whether gcc understands -c and -o together
configure:3942: gcc -c conftest.c -o conftest2.o
configure:3945: $? = 0
configure:3942: gcc -c conftest.c -o conftest2.o
configure:3945: $? = 0
configure:3957: result: yes
configure:3976: checking dependency style of gcc
configure:4087: result: gcc3
configure:4152: checking for ar
configure:4168: found /usr/bin/ar
configure:4179: result: ar
configure:4205: checking the archiver (ar) interface
configure:4221: gcc -c -g -O2  conftest.c >&5
configure:4221: $? = 0
configure:4223: ar cru libconftest.a conftest.o >&5
configure:4226: $? = 0
configure:4254: result: ar
configure:4278: checking for gcc option to accept ISO C99
configure:4427: gcc  -c -g -O2  conftest.c >&5
configure:4427: $? = 0
configure:4440: result: none needed
configure:4548: checking for gcc option to accept ISO Standard C
configure:4559: result: none needed
configure:4614: checking how to print strings
configure:4641: result: printf
configure:4662: checking for a sed that does not truncate output
configure:4726: result: /usr/bin/sed
configure:4744: checking for grep that handles long lines and -e
configure:4802: result: /usr/bin/grep
configure:4807: checking for egrep
configure:4869: result: /usr/bin/grep -E
configure:4874: checking for fgrep
configure:4936: result: /usr/bin/grep -F
configure:4971: checking for ld used by gcc
configure:5038: result: /Applications/Xcode.app/Contents/Developer/Toolchains/XcodeDefault.xctoolchain/usr/bin/ld
configure:5045: checking if the linker (/Applications/Xcode.app/Contents/Developer/Toolchains/XcodeDefault.xctoolchain/usr/bin/ld) is GNU ld
configure:5060: result: no
configure:5072: checking for BSD- or MS-compatible name lister (nm)
configure:5121: result: /usr/bin/nm
configure:5251: checking the name lister (/usr/bin/nm) interface
configure:5258: gcc -c -g -O2  conftest.c >&5
configure:5261: /usr/bin/nm "conftest.o"
configure:5264: output
0000000000000208 S _some_variable
configure:5271: result: BSD nm
configure:5274: checking whether ln -s works
configure:5278: result: yes
configure:5286: checking the maximum length of command line arguments
configure:5417: result: 196608
configure:5434: checking whether the shell understands some XSI constructs
configure:5444: result: yes
configure:5448: checking whether the shell understands "+="
configure:5454: result: yes
configure:5489: checking how to convert x86_64-apple-darwin14.5.0 file names to x86_64-apple-darwin14.5.0 format
configure:5529: result: func_convert_file_noop
configure:5536: checking how to convert x86_64-apple-darwin14.5.0 file names to toolchain format
configure:5556: result: func_convert_file_noop
configure:5563: checking for /Applications/Xcode.app/Contents/Developer/Toolchains/XcodeDefault.xctoolchain/usr/bin/ld option to reload object files
configure:5570: result: -r
configure:5644: checking for objdump
configure:5674: result: no
configure:5703: checking how to recognize dependent libraries
configure:5901: result: pass_all
configure:5986: checking for dlltool
configure:6016: result: no
configure:6046: checking how to associate runtime and link libraries
configure:6073: result: printf %s\n
configure:6197: checking for archiver @FILE support
configure:6214: gcc -c -g -O2  conftest.c >&5
configure:6214: $? = 0
configure:6217: ar cru libconftest.a @conftest.lst >&5
ar: @conftest.lst: No such file or directory
configure:6220: $? = 1
configure:6240: result: no
configure:6298: checking for strip
configure:6314: found /usr/bin/strip
configure:6325: result: strip
configure:6397: checking for ranlib
configure:6413: found /usr/bin/ranlib
configure:6424: result: ranlib
configure:6526: checking command to parse /usr/bin/nm output from gcc object
configure:6646: gcc -c -g -O2  conftest.c >&5
configure:6649: $? = 0
configure:6653: /usr/bin/nm conftest.o \| sed -n -e 's/^.*[ ]\([BCDEGRST][BCDEGRST]*\)[ ][ ]*\([_A-Za-z][_A-Za-z0-9]*\)$/\1 \2 \2/p' | sed '/ __gnu_lto/d' \> conftest.nm
configure:6656: $? = 0
cannot find nm_test_var in conftest.nm
configure:6646: gcc -c -g -O2  conftest.c >&5
configure:6649: $? = 0
configure:6653: /usr/bin/nm conftest.o \| sed -n -e 's/^.*[ ]\([BCDEGRST][BCDEGRST]*\)[ ][ ]*_\([_A-Za-z][_A-Za-z0-9]*\)$/\1 _\2 \2/p' | sed '/ __gnu_lto/d' \> conftest.nm
configure:6656: $? = 0
configure:6722: gcc -o conftest -g -O2   conftest.c conftstm.o >&5
warning: (x86_64)  could not find object file symbol for symbol _main
configure:6725: $? = 0
configure:6763: result: ok
configure:6800: checking for sysroot
configure:6830: result: no
configure:7099: checking for mt
configure:7129: result: no
configure:7149: checking if : is a manifest tool
configure:7155: : '-?'
configure:7163: result: no
configure:7219: checking for dsymutil
configure:7235: found /usr/bin/dsymutil
configure:7246: result: dsymutil
configure:7311: checking for nmedit
configure:7327: found /usr/bin/nmedit
configure:7338: result: nmedit
configure:7403: checking for lipo
configure:7419: found /usr/bin/lipo
configure:7430: result: lipo
configure:7495: checking for otool
configure:7511: found /usr/bin/otool
configure:7522: result: otool
configure:7587: checking for otool64
configure:7617: result: no
configure:7662: checking for -single_module linker flag
gcc -g -O2  -o libconftest.dylib -dynamiclib -Wl,-single_module conftest.c
configure:7695: result: yes
configure:7698: checking for -exported_symbols_list linker flag
configure:7718: gcc -o conftest -g -O2   -Wl,-exported_symbols_list,conftest.sym conftest.c  >&5
configure:7718: $? = 0
configure:7728: result: yes
configure:7731: checking for -force_load linker flag
gcc -g -O2 -c -o conftest.o conftest.c
ar cru libconftest.a conftest.o
ranlib libconftest.a
gcc -g -O2  -o conftest conftest.c -Wl,-force_load,./libconftest.a
configure:7763: result: yes
configure:7805: checking how to run the C preprocessor
configure:7836: gcc -E  conftest.c
configure:7836: $? = 0
configure:7850: gcc -E  conftest.c
conftest.c:11:10: fatal error: 'ac_nonexistent.h' file not found
#include <ac_nonexistent.h>
         ^
1 error generated.
configure:7850: $? = 1
configure: failed program was:
| /* confdefs.h */
| #define PACKAGE_NAME "GD"
| #define PACKAGE_TARNAME "libgd"
| #define PACKAGE_VERSION "2.2.3"
| #define PACKAGE_STRING "GD 2.2.3"
| #define PACKAGE_BUGREPORT "https://github.com/libgd/libgd/issues"
| #define PACKAGE_URL "http://lib.gd"
| #define PACKAGE "libgd"
| #define VERSION "2.2.3"
| /* end confdefs.h.  */
| #include <ac_nonexistent.h>
configure:7875: result: gcc -E
configure:7895: gcc -E  conftest.c
configure:7895: $? = 0
configure:7909: gcc -E  conftest.c
conftest.c:11:10: fatal error: 'ac_nonexistent.h' file not found
#include <ac_nonexistent.h>
         ^
1 error generated.
configure:7909: $? = 1
configure: failed program was:
| /* confdefs.h */
| #define PACKAGE_NAME "GD"
| #define PACKAGE_TARNAME "libgd"
| #define PACKAGE_VERSION "2.2.3"
| #define PACKAGE_STRING "GD 2.2.3"
| #define PACKAGE_BUGREPORT "https://github.com/libgd/libgd/issues"
| #define PACKAGE_URL "http://lib.gd"
| #define PACKAGE "libgd"
| #define VERSION "2.2.3"
| /* end confdefs.h.  */
| #include <ac_nonexistent.h>
configure:7938: checking for ANSI C header files
configure:7958: gcc -c -g -O2  conftest.c >&5
configure:7958: $? = 0
configure:8031: gcc -o conftest -g -O2   conftest.c  >&5
configure:8031: $? = 0
configure:8031: ./conftest
configure:8031: $? = 0
configure:8042: result: yes
configure:8055: checking for sys/types.h
configure:8055: gcc -c -g -O2  conftest.c >&5
configure:8055: $? = 0
configure:8055: result: yes
configure:8055: checking for sys/stat.h
configure:8055: gcc -c -g -O2  conftest.c >&5
configure:8055: $? = 0
configure:8055: result: yes
configure:8055: checking for stdlib.h
configure:8055: gcc -c -g -O2  conftest.c >&5
configure:8055: $? = 0
configure:8055: result: yes
configure:8055: checking for string.h
configure:8055: gcc -c -g -O2  conftest.c >&5
configure:8055: $? = 0
configure:8055: result: yes
configure:8055: checking for memory.h
configure:8055: gcc -c -g -O2  conftest.c >&5
configure:8055: $? = 0
configure:8055: result: yes
configure:8055: checking for strings.h
configure:8055: gcc -c -g -O2  conftest.c >&5
configure:8055: $? = 0
configure:8055: result: yes
configure:8055: checking for inttypes.h
configure:8055: gcc -c -g -O2  conftest.c >&5
configure:8055: $? = 0
configure:8055: result: yes
configure:8055: checking for stdint.h
configure:8055: gcc -c -g -O2  conftest.c >&5
configure:8055: $? = 0
configure:8055: result: yes
configure:8055: checking for unistd.h
configure:8055: gcc -c -g -O2  conftest.c >&5
configure:8055: $? = 0
configure:8055: result: yes
configure:8069: checking for dlfcn.h
configure:8069: gcc -c -g -O2  conftest.c >&5
configure:8069: $? = 0
configure:8069: result: yes
configure:8275: checking for objdir
configure:8290: result: .libs
configure:8561: checking if gcc supports -fno-rtti -fno-exceptions
configure:8579: gcc -c -g -O2  -fno-rtti -fno-exceptions conftest.c >&5
configure:8583: $? = 0
configure:8596: result: yes
configure:8923: checking for gcc option to produce PIC
configure:8930: result: -fno-common -DPIC
configure:8938: checking if gcc PIC flag -fno-common -DPIC works
configure:8956: gcc -c -g -O2  -fno-common -DPIC -DPIC conftest.c >&5
configure:8960: $? = 0
configure:8973: result: yes
configure:9002: checking if gcc static flag -static works
configure:9030: result: no
configure:9045: checking if gcc supports -c -o file.o
configure:9066: gcc -c -g -O2  -o out/conftest2.o conftest.c >&5
configure:9070: $? = 0
configure:9092: result: yes
configure:9100: checking if gcc supports -c -o file.o
configure:9147: result: yes
configure:9180: checking whether the gcc linker (/Applications/Xcode.app/Contents/Developer/Toolchains/XcodeDefault.xctoolchain/usr/bin/ld) supports shared libraries
configure:10337: result: yes
configure:10577: checking dynamic linker characteristics
configure:11311: result: darwin14.5.0 dyld
configure:11418: checking how to hardcode library paths into programs
configure:11443: result: immediate
configure:11983: checking whether stripping libraries is possible
configure:11997: result: yes
configure:12023: checking if libtool supports shared libraries
configure:12025: result: yes
configure:12028: checking whether to build shared libraries
configure:12049: result: yes
configure:12052: checking whether to build static libraries
configure:12056: result: yes
configure:12093: checking whether ln -s works
configure:12097: result: yes
configure:12104: checking whether make sets $(MAKE)
configure:12126: result: yes
configure:12190: checking for pkg-config
configure:12223: result: no
configure:12257: checking for X
configure:12365: gcc -E  conftest.c
conftest.c:23:10: fatal error: 'X11/Xlib.h' file not found
#include <X11/Xlib.h>
         ^
1 error generated.
configure:12365: $? = 1
configure: failed program was:
| /* confdefs.h */
| #define PACKAGE_NAME "GD"
| #define PACKAGE_TARNAME "libgd"
| #define PACKAGE_VERSION "2.2.3"
| #define PACKAGE_STRING "GD 2.2.3"
| #define PACKAGE_BUGREPORT "https://github.com/libgd/libgd/issues"
| #define PACKAGE_URL "http://lib.gd"
| #define PACKAGE "libgd"
| #define VERSION "2.2.3"
| #define STDC_HEADERS 1
| #define HAVE_SYS_TYPES_H 1
| #define HAVE_SYS_STAT_H 1
| #define HAVE_STDLIB_H 1
| #define HAVE_STRING_H 1
| #define HAVE_MEMORY_H 1
| #define HAVE_STRINGS_H 1
| #define HAVE_INTTYPES_H 1
| #define HAVE_STDINT_H 1
| #define HAVE_UNISTD_H 1
| #define HAVE_DLFCN_H 1
| #define LT_OBJDIR ".libs/"
| /* end confdefs.h.  */
| #include <X11/Xlib.h>
configure:12396: gcc -o conftest -g -O2   conftest.c -lX11  >&5
conftest.c:23:10: fatal error: 'X11/Xlib.h' file not found
#include <X11/Xlib.h>
         ^
1 error generated.
configure:12396: $? = 1
configure: failed program was:
| /* confdefs.h */
| #define PACKAGE_NAME "GD"
| #define PACKAGE_TARNAME "libgd"
| #define PACKAGE_VERSION "2.2.3"
| #define PACKAGE_STRING "GD 2.2.3"
| #define PACKAGE_BUGREPORT "https://github.com/libgd/libgd/issues"
| #define PACKAGE_URL "http://lib.gd"
| #define PACKAGE "libgd"
| #define VERSION "2.2.3"
| #define STDC_HEADERS 1
| #define HAVE_SYS_TYPES_H 1
| #define HAVE_SYS_STAT_H 1
| #define HAVE_STDLIB_H 1
| #define HAVE_STRING_H 1
| #define HAVE_MEMORY_H 1
| #define HAVE_STRINGS_H 1
| #define HAVE_INTTYPES_H 1
| #define HAVE_STDINT_H 1
| #define HAVE_UNISTD_H 1
| #define HAVE_DLFCN_H 1
| #define LT_OBJDIR ".libs/"
| /* end confdefs.h.  */
| #include <X11/Xlib.h>
| int
| main ()
| {
| XrmInitialize ()
|   ;
|   return 0;
| }
configure:12446: result: libraries /usr/X11/lib, headers /usr/X11/include
configure:12458: checking for ANSI C header files
configure:12562: result: yes
configure:12576: checking for dirent.h
configure:12576: gcc -c -g -O2 -I/usr/X11/include  conftest.c >&5
configure:12576: $? = 0
configure:12576: result: yes
configure:12576: checking for errno.h
configure:12576: gcc -c -g -O2 -I/usr/X11/include  conftest.c >&5
configure:12576: $? = 0
configure:12576: result: yes
configure:12576: checking for inttypes.h
configure:12576: result: yes
configure:12576: checking for limits.h
configure:12576: gcc -c -g -O2 -I/usr/X11/include  conftest.c >&5
configure:12576: $? = 0
configure:12576: result: yes
configure:12576: checking for stddef.h
configure:12576: gcc -c -g -O2 -I/usr/X11/include  conftest.c >&5
configure:12576: $? = 0
configure:12576: result: yes
configure:12576: checking for stdint.h
configure:12576: result: yes
configure:12576: checking for stdlib.h
configure:12576: result: yes
configure:12576: checking for string.h
configure:12576: result: yes
configure:12576: checking for strings.h
configure:12576: result: yes
configure:12576: checking for unistd.h
configure:12576: result: yes
configure:12576: checking for sys/stat.h
configure:12576: result: yes
configure:12576: checking for sys/types.h
configure:12576: result: yes
configure:12655: checking for ld used by gcc
configure:12722: result: /Applications/Xcode.app/Contents/Developer/Toolchains/XcodeDefault.xctoolchain/usr/bin/ld
configure:12729: checking if the linker (/Applications/Xcode.app/Contents/Developer/Toolchains/XcodeDefault.xctoolchain/usr/bin/ld) is GNU ld
configure:12744: result: no
configure:12751: checking for shared library run path origin
configure:12764: result: done
configure:13342: checking for iconv
configure:13366: gcc -o conftest -g -O2 -I/usr/X11/include   -L/usr/X11/lib conftest.c  >&5
Undefined symbols for architecture x86_64:
  "_iconv", referenced from:
      _main in conftest-8f6486.o
  "_iconv_close", referenced from:
      _main in conftest-8f6486.o
  "_iconv_open", referenced from:
      _main in conftest-8f6486.o
ld: symbol(s) not found for architecture x86_64
clang: error: linker command failed with exit code 1 (use -v to see invocation)
configure:13366: $? = 1
configure: failed program was:
| /* confdefs.h */
| #define PACKAGE_NAME "GD"
| #define PACKAGE_TARNAME "libgd"
| #define PACKAGE_VERSION "2.2.3"
| #define PACKAGE_STRING "GD 2.2.3"
| #define PACKAGE_BUGREPORT "https://github.com/libgd/libgd/issues"
| #define PACKAGE_URL "http://lib.gd"
| #define PACKAGE "libgd"
| #define VERSION "2.2.3"
| #define STDC_HEADERS 1
| #define HAVE_SYS_TYPES_H 1
| #define HAVE_SYS_STAT_H 1
| #define HAVE_STDLIB_H 1
| #define HAVE_STRING_H 1
| #define HAVE_MEMORY_H 1
| #define HAVE_STRINGS_H 1
| #define HAVE_INTTYPES_H 1
| #define HAVE_STDINT_H 1
| #define HAVE_UNISTD_H 1
| #define HAVE_DLFCN_H 1
| #define LT_OBJDIR ".libs/"
| #define STDC_HEADERS 1
| #define HAVE_DIRENT_H 1
| #define HAVE_ERRNO_H 1
| #define HAVE_INTTYPES_H 1
| #define HAVE_LIMITS_H 1
| #define HAVE_STDDEF_H 1
| #define HAVE_STDINT_H 1
| #define HAVE_STDLIB_H 1
| #define HAVE_STRING_H 1
| #define HAVE_STRINGS_H 1
| #define HAVE_UNISTD_H 1
| #define HAVE_SYS_STAT_H 1
| #define HAVE_SYS_TYPES_H 1
| /* end confdefs.h.  */
| 
| #include <stdlib.h>
| #include <iconv.h>
| 
| int
| main ()
| {
| iconv_t cd = iconv_open("","");
|            iconv(cd,NULL,NULL,NULL,NULL);
|            iconv_close(cd);
|   ;
|   return 0;
| }
configure:13390: gcc -o conftest -g -O2 -I/usr/X11/include   -L/usr/X11/lib conftest.c  -liconv >&5
configure:13390: $? = 0
configure:13400: result: yes
configure:13403: checking for working iconv
configure:13523: gcc -o conftest -g -O2 -I/usr/X11/include   -L/usr/X11/lib conftest.c  -liconv >&5
configure:13523: $? = 0
configure:13523: ./conftest
configure:13523: $? = 0
configure:13535: result: yes
configure:13550: checking how to link with libiconv
configure:13552: result: -liconv
configure:13563: checking for iconv declaration
configure:13592: gcc -c -g -O2 -I/usr/X11/include  conftest.c >&5
configure:13592: $? = 0
configure:13603: result:
         extern size_t iconv (iconv_t cd, char * *inbuf, size_t *inbytesleft, char * *outbuf, size_t *outbytesleft);
configure:13620: checking iconv.h usability
configure:13620: gcc -c -g -O2 -I/usr/X11/include  conftest.c >&5
configure:13620: $? = 0
configure:13620: result: yes
configure:13620: checking iconv.h presence
configure:13620: gcc -E  conftest.c
configure:13620: $? = 0
configure:13620: result: yes
configure:13620: checking for iconv.h
configure:13620: result: yes
configure:13625: checking whether iconv.h defines iconv_t
configure:13634: result: yes
configure:13661: checking for sin
configure:13661: gcc -o conftest -g -O2 -I/usr/X11/include   -L/usr/X11/lib conftest.c  >&5
conftest.c:63:6: warning: incompatible redeclaration of library function 'sin' [-Wincompatible-library-redeclaration]
char sin ();
     ^
conftest.c:63:6: note: 'sin' is a builtin with type 'double (double)'
1 warning generated.
configure:13661: $? = 0
configure:13661: result: yes
configure:13831: checking whether pthreads work with -pthread
configure:13919: gcc -o conftest -g -O2 -I/usr/X11/include -pthread   -L/usr/X11/lib conftest.c   >&5
configure:13919: $? = 0
configure:13928: result: yes
configure:13947: checking for joinable pthread attribute
configure:13962: gcc -o conftest -g -O2 -I/usr/X11/include -pthread   -L/usr/X11/lib conftest.c   >&5
configure:13962: $? = 0
configure:13968: result: PTHREAD_CREATE_JOINABLE
configure:13978: checking if more special flags are required for pthreads
configure:13992: result: -D_THREAD_SAFE
configure:13998: checking for PTHREAD_PRIO_INHERIT
configure:14016: gcc -o conftest -g -O2 -I/usr/X11/include -pthread   -L/usr/X11/lib conftest.c   >&5
configure:14016: $? = 0
configure:14025: result: yes
configure:14126: checking for OpenMP flag of C compiler
configure:14166: gcc -o conftest -g -O2 -I/usr/X11/include -fopenmp   -L/usr/X11/lib conftest.c  >&5
ld: library not found for -lgomp
clang: error: linker command failed with exit code 1 (use -v to see invocation)
configure:14166: $? = 1
configure: failed program was:
| /* confdefs.h */
| #define PACKAGE_NAME "GD"
| #define PACKAGE_TARNAME "libgd"
| #define PACKAGE_VERSION "2.2.3"
| #define PACKAGE_STRING "GD 2.2.3"
| #define PACKAGE_BUGREPORT "https://github.com/libgd/libgd/issues"
| #define PACKAGE_URL "http://lib.gd"
| #define PACKAGE "libgd"
| #define VERSION "2.2.3"
| #define STDC_HEADERS 1
| #define HAVE_SYS_TYPES_H 1
| #define HAVE_SYS_STAT_H 1
| #define HAVE_STDLIB_H 1
| #define HAVE_STRING_H 1
| #define HAVE_MEMORY_H 1
| #define HAVE_STRINGS_H 1
| #define HAVE_INTTYPES_H 1
| #define HAVE_STDINT_H 1
| #define HAVE_UNISTD_H 1
| #define HAVE_DLFCN_H 1
| #define LT_OBJDIR ".libs/"
| #define STDC_HEADERS 1
| #define HAVE_DIRENT_H 1
| #define HAVE_ERRNO_H 1
| #define HAVE_INTTYPES_H 1
| #define HAVE_LIMITS_H 1
| #define HAVE_STDDEF_H 1
| #define HAVE_STDINT_H 1
| #define HAVE_STDLIB_H 1
| #define HAVE_STRING_H 1
| #define HAVE_STRINGS_H 1
| #define HAVE_UNISTD_H 1
| #define HAVE_SYS_STAT_H 1
| #define HAVE_SYS_TYPES_H 1
| #define HAVE_ICONV 1
| #define ICONV_CONST 
| #define HAVE_ICONV_H 1
| #define HAVE_ICONV_T_DEF 1
| #define HAVE_PTHREAD_PRIO_INHERIT 1
| #define HAVE_PTHREAD 1
| /* end confdefs.h.  */
| #ifdef __cplusplus
| extern "C"
| #endif
| void omp_set_num_threads(int);
| int
| main ()
| {
| const int N = 100000;
|   int i, arr[N];
| 
|   omp_set_num_threads(2);
| 
|   #pragma omp parallel for
|   for (i = 0; i < N; i++) {
|     arr[i] = i;
|   }
|   ;
|   return 0;
| }
configure:14166: gcc -o conftest -g -O2 -I/usr/X11/include -openmp   -L/usr/X11/lib conftest.c  >&5
Undefined symbols for architecture x86_64:
  "_omp_set_num_threads", referenced from:
      _main in conftest-523067.o
ld: symbol(s) not found for architecture x86_64
clang: error: linker command failed with exit code 1 (use -v to see invocation)
configure:14166: $? = 1
configure: failed program was:
| /* confdefs.h */
| #define PACKAGE_NAME "GD"
| #define PACKAGE_TARNAME "libgd"
| #define PACKAGE_VERSION "2.2.3"
| #define PACKAGE_STRING "GD 2.2.3"
| #define PACKAGE_BUGREPORT "https://github.com/libgd/libgd/issues"
| #define PACKAGE_URL "http://lib.gd"
| #define PACKAGE "libgd"
| #define VERSION "2.2.3"
| #define STDC_HEADERS 1
| #define HAVE_SYS_TYPES_H 1
| #define HAVE_SYS_STAT_H 1
| #define HAVE_STDLIB_H 1
| #define HAVE_STRING_H 1
| #define HAVE_MEMORY_H 1
| #define HAVE_STRINGS_H 1
| #define HAVE_INTTYPES_H 1
| #define HAVE_STDINT_H 1
| #define HAVE_UNISTD_H 1
| #define HAVE_DLFCN_H 1
| #define LT_OBJDIR ".libs/"
| #define STDC_HEADERS 1
| #define HAVE_DIRENT_H 1
| #define HAVE_ERRNO_H 1
| #define HAVE_INTTYPES_H 1
| #define HAVE_LIMITS_H 1
| #define HAVE_STDDEF_H 1
| #define HAVE_STDINT_H 1
| #define HAVE_STDLIB_H 1
| #define HAVE_STRING_H 1
| #define HAVE_STRINGS_H 1
| #define HAVE_UNISTD_H 1
| #define HAVE_SYS_STAT_H 1
| #define HAVE_SYS_TYPES_H 1
| #define HAVE_ICONV 1
| #define ICONV_CONST 
| #define HAVE_ICONV_H 1
| #define HAVE_ICONV_T_DEF 1
| #define HAVE_PTHREAD_PRIO_INHERIT 1
| #define HAVE_PTHREAD 1
| /* end confdefs.h.  */
| #ifdef __cplusplus
| extern "C"
| #endif
| void omp_set_num_threads(int);
| int
| main ()
| {
| const int N = 100000;
|   int i, arr[N];
| 
|   omp_set_num_threads(2);
| 
|   #pragma omp parallel for
|   for (i = 0; i < N; i++) {
|     arr[i] = i;
|   }
|   ;
|   return 0;
| }
configure:14166: gcc -o conftest -g -O2 -I/usr/X11/include -mp   -L/usr/X11/lib conftest.c  >&5
clang: error: unknown argument: '-mp'
configure:14166: $? = 1
configure: failed program was:
| /* confdefs.h */
| #define PACKAGE_NAME "GD"
| #define PACKAGE_TARNAME "libgd"
| #define PACKAGE_VERSION "2.2.3"
| #define PACKAGE_STRING "GD 2.2.3"
| #define PACKAGE_BUGREPORT "https://github.com/libgd/libgd/issues"
| #define PACKAGE_URL "http://lib.gd"
| #define PACKAGE "libgd"
| #define VERSION "2.2.3"
| #define STDC_HEADERS 1
| #define HAVE_SYS_TYPES_H 1
| #define HAVE_SYS_STAT_H 1
| #define HAVE_STDLIB_H 1
| #define HAVE_STRING_H 1
| #define HAVE_MEMORY_H 1
| #define HAVE_STRINGS_H 1
| #define HAVE_INTTYPES_H 1
| #define HAVE_STDINT_H 1
| #define HAVE_UNISTD_H 1
| #define HAVE_DLFCN_H 1
| #define LT_OBJDIR ".libs/"
| #define STDC_HEADERS 1
| #define HAVE_DIRENT_H 1
| #define HAVE_ERRNO_H 1
| #define HAVE_INTTYPES_H 1
| #define HAVE_LIMITS_H 1
| #define HAVE_STDDEF_H 1
| #define HAVE_STDINT_H 1
| #define HAVE_STDLIB_H 1
| #define HAVE_STRING_H 1
| #define HAVE_STRINGS_H 1
| #define HAVE_UNISTD_H 1
| #define HAVE_SYS_STAT_H 1
| #define HAVE_SYS_TYPES_H 1
| #define HAVE_ICONV 1
| #define ICONV_CONST 
| #define HAVE_ICONV_H 1
| #define HAVE_ICONV_T_DEF 1
| #define HAVE_PTHREAD_PRIO_INHERIT 1
| #define HAVE_PTHREAD 1
| /* end confdefs.h.  */
| #ifdef __cplusplus
| extern "C"
| #endif
| void omp_set_num_threads(int);
| int
| main ()
| {
| const int N = 100000;
|   int i, arr[N];
| 
|   omp_set_num_threads(2);
| 
|   #pragma omp parallel for
|   for (i = 0; i < N; i++) {
|     arr[i] = i;
|   }
|   ;
|   return 0;
| }
configure:14166: gcc -o conftest -g -O2 -I/usr/X11/include -xopenmp   -L/usr/X11/lib conftest.c  >&5
clang: error: language not recognized: 'openmp'
configure:14166: $? = 1
configure: failed program was:
| /* confdefs.h */
| #define PACKAGE_NAME "GD"
| #define PACKAGE_TARNAME "libgd"
| #define PACKAGE_VERSION "2.2.3"
| #define PACKAGE_STRING "GD 2.2.3"
| #define PACKAGE_BUGREPORT "https://github.com/libgd/libgd/issues"
| #define PACKAGE_URL "http://lib.gd"
| #define PACKAGE "libgd"
| #define VERSION "2.2.3"
| #define STDC_HEADERS 1
| #define HAVE_SYS_TYPES_H 1
| #define HAVE_SYS_STAT_H 1
| #define HAVE_STDLIB_H 1
| #define HAVE_STRING_H 1
| #define HAVE_MEMORY_H 1
| #define HAVE_STRINGS_H 1
| #define HAVE_INTTYPES_H 1
| #define HAVE_STDINT_H 1
| #define HAVE_UNISTD_H 1
| #define HAVE_DLFCN_H 1
| #define LT_OBJDIR ".libs/"
| #define STDC_HEADERS 1
| #define HAVE_DIRENT_H 1
| #define HAVE_ERRNO_H 1
| #define HAVE_INTTYPES_H 1
| #define HAVE_LIMITS_H 1
| #define HAVE_STDDEF_H 1
| #define HAVE_STDINT_H 1
| #define HAVE_STDLIB_H 1
| #define HAVE_STRING_H 1
| #define HAVE_STRINGS_H 1
| #define HAVE_UNISTD_H 1
| #define HAVE_SYS_STAT_H 1
| #define HAVE_SYS_TYPES_H 1
| #define HAVE_ICONV 1
| #define ICONV_CONST 
| #define HAVE_ICONV_H 1
| #define HAVE_ICONV_T_DEF 1
| #define HAVE_PTHREAD_PRIO_INHERIT 1
| #define HAVE_PTHREAD 1
| /* end confdefs.h.  */
| #ifdef __cplusplus
| extern "C"
| #endif
| void omp_set_num_threads(int);
| int
| main ()
| {
| const int N = 100000;
|   int i, arr[N];
| 
|   omp_set_num_threads(2);
| 
|   #pragma omp parallel for
|   for (i = 0; i < N; i++) {
|     arr[i] = i;
|   }
|   ;
|   return 0;
| }
configure:14166: gcc -o conftest -g -O2 -I/usr/X11/include -omp   -L/usr/X11/lib conftest.c  >&5
Undefined symbols for architecture x86_64:
  "_omp_set_num_threads", referenced from:
      _main in conftest-c62a63.o
ld: symbol(s) not found for architecture x86_64
clang: error: linker command failed with exit code 1 (use -v to see invocation)
configure:14166: $? = 1
configure: failed program was:
| /* confdefs.h */
| #define PACKAGE_NAME "GD"
| #define PACKAGE_TARNAME "libgd"
| #define PACKAGE_VERSION "2.2.3"
| #define PACKAGE_STRING "GD 2.2.3"
| #define PACKAGE_BUGREPORT "https://github.com/libgd/libgd/issues"
| #define PACKAGE_URL "http://lib.gd"
| #define PACKAGE "libgd"
| #define VERSION "2.2.3"
| #define STDC_HEADERS 1
| #define HAVE_SYS_TYPES_H 1
| #define HAVE_SYS_STAT_H 1
| #define HAVE_STDLIB_H 1
| #define HAVE_STRING_H 1
| #define HAVE_MEMORY_H 1
| #define HAVE_STRINGS_H 1
| #define HAVE_INTTYPES_H 1
| #define HAVE_STDINT_H 1
| #define HAVE_UNISTD_H 1
| #define HAVE_DLFCN_H 1
| #define LT_OBJDIR ".libs/"
| #define STDC_HEADERS 1
| #define HAVE_DIRENT_H 1
| #define HAVE_ERRNO_H 1
| #define HAVE_INTTYPES_H 1
| #define HAVE_LIMITS_H 1
| #define HAVE_STDDEF_H 1
| #define HAVE_STDINT_H 1
| #define HAVE_STDLIB_H 1
| #define HAVE_STRING_H 1
| #define HAVE_STRINGS_H 1
| #define HAVE_UNISTD_H 1
| #define HAVE_SYS_STAT_H 1
| #define HAVE_SYS_TYPES_H 1
| #define HAVE_ICONV 1
| #define ICONV_CONST 
| #define HAVE_ICONV_H 1
| #define HAVE_ICONV_T_DEF 1
| #define HAVE_PTHREAD_PRIO_INHERIT 1
| #define HAVE_PTHREAD 1
| /* end confdefs.h.  */
| #ifdef __cplusplus
| extern "C"
| #endif
| void omp_set_num_threads(int);
| int
| main ()
| {
| const int N = 100000;
|   int i, arr[N];
| 
|   omp_set_num_threads(2);
| 
|   #pragma omp parallel for
|   for (i = 0; i < N; i++) {
|     arr[i] = i;
|   }
|   ;
|   return 0;
| }
configure:14166: gcc -o conftest -g -O2 -I/usr/X11/include -qsmp=omp   -L/usr/X11/lib conftest.c  >&5
clang: error: unknown argument: '-qsmp=omp'
configure:14166: $? = 1
configure: failed program was:
| /* confdefs.h */
| #define PACKAGE_NAME "GD"
| #define PACKAGE_TARNAME "libgd"
| #define PACKAGE_VERSION "2.2.3"
| #define PACKAGE_STRING "GD 2.2.3"
| #define PACKAGE_BUGREPORT "https://github.com/libgd/libgd/issues"
| #define PACKAGE_URL "http://lib.gd"
| #define PACKAGE "libgd"
| #define VERSION "2.2.3"
| #define STDC_HEADERS 1
| #define HAVE_SYS_TYPES_H 1
| #define HAVE_SYS_STAT_H 1
| #define HAVE_STDLIB_H 1
| #define HAVE_STRING_H 1
| #define HAVE_MEMORY_H 1
| #define HAVE_STRINGS_H 1
| #define HAVE_INTTYPES_H 1
| #define HAVE_STDINT_H 1
| #define HAVE_UNISTD_H 1
| #define HAVE_DLFCN_H 1
| #define LT_OBJDIR ".libs/"
| #define STDC_HEADERS 1
| #define HAVE_DIRENT_H 1
| #define HAVE_ERRNO_H 1
| #define HAVE_INTTYPES_H 1
| #define HAVE_LIMITS_H 1
| #define HAVE_STDDEF_H 1
| #define HAVE_STDINT_H 1
| #define HAVE_STDLIB_H 1
| #define HAVE_STRING_H 1
| #define HAVE_STRINGS_H 1
| #define HAVE_UNISTD_H 1
| #define HAVE_SYS_STAT_H 1
| #define HAVE_SYS_TYPES_H 1
| #define HAVE_ICONV 1
| #define ICONV_CONST 
| #define HAVE_ICONV_H 1
| #define HAVE_ICONV_T_DEF 1
| #define HAVE_PTHREAD_PRIO_INHERIT 1
| #define HAVE_PTHREAD 1
| /* end confdefs.h.  */
| #ifdef __cplusplus
| extern "C"
| #endif
| void omp_set_num_threads(int);
| int
| main ()
| {
| const int N = 100000;
|   int i, arr[N];
| 
|   omp_set_num_threads(2);
| 
|   #pragma omp parallel for
|   for (i = 0; i < N; i++) {
|     arr[i] = i;
|   }
|   ;
|   return 0;
| }
configure:14166: gcc -o conftest    -L/usr/X11/lib conftest.c  >&5
Undefined symbols for architecture x86_64:
  "_omp_set_num_threads", referenced from:
      _main in conftest-2c01ac.o
ld: symbol(s) not found for architecture x86_64
clang: error: linker command failed with exit code 1 (use -v to see invocation)
configure:14166: $? = 1
configure: failed program was:
| /* confdefs.h */
| #define PACKAGE_NAME "GD"
| #define PACKAGE_TARNAME "libgd"
| #define PACKAGE_VERSION "2.2.3"
| #define PACKAGE_STRING "GD 2.2.3"
| #define PACKAGE_BUGREPORT "https://github.com/libgd/libgd/issues"
| #define PACKAGE_URL "http://lib.gd"
| #define PACKAGE "libgd"
| #define VERSION "2.2.3"
| #define STDC_HEADERS 1
| #define HAVE_SYS_TYPES_H 1
| #define HAVE_SYS_STAT_H 1
| #define HAVE_STDLIB_H 1
| #define HAVE_STRING_H 1
| #define HAVE_MEMORY_H 1
| #define HAVE_STRINGS_H 1
| #define HAVE_INTTYPES_H 1
| #define HAVE_STDINT_H 1
| #define HAVE_UNISTD_H 1
| #define HAVE_DLFCN_H 1
| #define LT_OBJDIR ".libs/"
| #define STDC_HEADERS 1
| #define HAVE_DIRENT_H 1
| #define HAVE_ERRNO_H 1
| #define HAVE_INTTYPES_H 1
| #define HAVE_LIMITS_H 1
| #define HAVE_STDDEF_H 1
| #define HAVE_STDINT_H 1
| #define HAVE_STDLIB_H 1
| #define HAVE_STRING_H 1
| #define HAVE_STRINGS_H 1
| #define HAVE_UNISTD_H 1
| #define HAVE_SYS_STAT_H 1
| #define HAVE_SYS_TYPES_H 1
| #define HAVE_ICONV 1
| #define ICONV_CONST 
| #define HAVE_ICONV_H 1
| #define HAVE_ICONV_T_DEF 1
| #define HAVE_PTHREAD_PRIO_INHERIT 1
| #define HAVE_PTHREAD 1
| /* end confdefs.h.  */
| #ifdef __cplusplus
| extern "C"
| #endif
| void omp_set_num_threads(int);
| int
| main ()
| {
| const int N = 100000;
|   int i, arr[N];
| 
|   omp_set_num_threads(2);
| 
|   #pragma omp parallel for
|   for (i = 0; i < N; i++) {
|     arr[i] = i;
|   }
|   ;
|   return 0;
| }
configure:14175: result: unknown
configure:14193: checking whether to support zlib
configure:14203: result: auto
configure:14227: checking for LIBZ
configure:14328: result: no
configure:14330: checking for deflate in -lz
configure:14355: gcc -o conftest -g -O2 -I/usr/X11/include   -L/usr/X11/lib conftest.c -lz   >&5
configure:14355: $? = 0
configure:14364: result: yes
configure:14412: checking whether to support png
configure:14422: result: auto
configure:14446: checking for LIBPNG
configure:14512: result: no
configure:14545: Disabling support for png
configure:14561: checking whether to support freetype
configure:14571: result: auto
configure:14595: checking for LIBFREETYPE
configure:14661: result: no
configure:14694: Disabling support for freetype
configure:14715: checking whether to support fontconfig
configure:14725: result: auto
configure:14749: checking for LIBFONTCONFIG
configure:14851: result: no
configure:14854: checking for FcInit in -lfontconfig
configure:14879: gcc -o conftest -g -O2 -I/usr/X11/include     -L/usr/X11/lib conftest.c -lfontconfig     -lz >&5
configure:14879: $? = 0
configure:14888: result: yes
configure:14936: checking whether to support jpeg
configure:14946: result: auto
configure:14969: checking for jpeg_set_defaults in -ljpeg
configure:14994: gcc -o conftest -g -O2 -I/usr/X11/include       -L/usr/X11/lib conftest.c -ljpeg     -lz   -lfontconfig >&5
configure:14994: $? = 0
configure:15003: result: yes
configure:15042: checking whether to support liq
configure:15052: result: auto
configure:15075: checking libimagequant.h usability
configure:15075: gcc -c -g -O2 -I/usr/X11/include        conftest.c >&5
conftest.c:78:10: fatal error: 'libimagequant.h' file not found
#include <libimagequant.h>
         ^
1 error generated.
configure:15075: $? = 1
configure: failed program was:
| /* confdefs.h */
| #define PACKAGE_NAME "GD"
| #define PACKAGE_TARNAME "libgd"
| #define PACKAGE_VERSION "2.2.3"
| #define PACKAGE_STRING "GD 2.2.3"
| #define PACKAGE_BUGREPORT "https://github.com/libgd/libgd/issues"
| #define PACKAGE_URL "http://lib.gd"
| #define PACKAGE "libgd"
| #define VERSION "2.2.3"
| #define STDC_HEADERS 1
| #define HAVE_SYS_TYPES_H 1
| #define HAVE_SYS_STAT_H 1
| #define HAVE_STDLIB_H 1
| #define HAVE_STRING_H 1
| #define HAVE_MEMORY_H 1
| #define HAVE_STRINGS_H 1
| #define HAVE_INTTYPES_H 1
| #define HAVE_STDINT_H 1
| #define HAVE_UNISTD_H 1
| #define HAVE_DLFCN_H 1
| #define LT_OBJDIR ".libs/"
| #define STDC_HEADERS 1
| #define HAVE_DIRENT_H 1
| #define HAVE_ERRNO_H 1
| #define HAVE_INTTYPES_H 1
| #define HAVE_LIMITS_H 1
| #define HAVE_STDDEF_H 1
| #define HAVE_STDINT_H 1
| #define HAVE_STDLIB_H 1
| #define HAVE_STRING_H 1
| #define HAVE_STRINGS_H 1
| #define HAVE_UNISTD_H 1
| #define HAVE_SYS_STAT_H 1
| #define HAVE_SYS_TYPES_H 1
| #define HAVE_ICONV 1
| #define ICONV_CONST 
| #define HAVE_ICONV_H 1
| #define HAVE_ICONV_T_DEF 1
| #define HAVE_PTHREAD_PRIO_INHERIT 1
| #define HAVE_PTHREAD 1
| #define HAVE_LIBZ 1
| #define HAVE_LIBFONTCONFIG 1
| #define HAVE_LIBJPEG 1
| /* end confdefs.h.  */
| #include <stdio.h>
| #ifdef HAVE_SYS_TYPES_H
| # include <sys/types.h>
| #endif
| #ifdef HAVE_SYS_STAT_H
| # include <sys/stat.h>
| #endif
| #ifdef STDC_HEADERS
| # include <stdlib.h>
| # include <stddef.h>
| #else
| # ifdef HAVE_STDLIB_H
| #  include <stdlib.h>
| # endif
| #endif
| #ifdef HAVE_STRING_H
| # if !defined STDC_HEADERS && defined HAVE_MEMORY_H
| #  include <memory.h>
| # endif
| # include <string.h>
| #endif
| #ifdef HAVE_STRINGS_H
| # include <strings.h>
| #endif
| #ifdef HAVE_INTTYPES_H
| # include <inttypes.h>
| #endif
| #ifdef HAVE_STDINT_H
| # include <stdint.h>
| #endif
| #ifdef HAVE_UNISTD_H
| # include <unistd.h>
| #endif
| #include <libimagequant.h>
configure:15075: result: no
configure:15075: checking libimagequant.h presence
configure:15075: gcc -E        conftest.c
conftest.c:45:10: fatal error: 'libimagequant.h' file not found
#include <libimagequant.h>
         ^
1 error generated.
configure:15075: $? = 1
configure: failed program was:
| /* confdefs.h */
| #define PACKAGE_NAME "GD"
| #define PACKAGE_TARNAME "libgd"
| #define PACKAGE_VERSION "2.2.3"
| #define PACKAGE_STRING "GD 2.2.3"
| #define PACKAGE_BUGREPORT "https://github.com/libgd/libgd/issues"
| #define PACKAGE_URL "http://lib.gd"
| #define PACKAGE "libgd"
| #define VERSION "2.2.3"
| #define STDC_HEADERS 1
| #define HAVE_SYS_TYPES_H 1
| #define HAVE_SYS_STAT_H 1
| #define HAVE_STDLIB_H 1
| #define HAVE_STRING_H 1
| #define HAVE_MEMORY_H 1
| #define HAVE_STRINGS_H 1
| #define HAVE_INTTYPES_H 1
| #define HAVE_STDINT_H 1
| #define HAVE_UNISTD_H 1
| #define HAVE_DLFCN_H 1
| #define LT_OBJDIR ".libs/"
| #define STDC_HEADERS 1
| #define HAVE_DIRENT_H 1
| #define HAVE_ERRNO_H 1
| #define HAVE_INTTYPES_H 1
| #define HAVE_LIMITS_H 1
| #define HAVE_STDDEF_H 1
| #define HAVE_STDINT_H 1
| #define HAVE_STDLIB_H 1
| #define HAVE_STRING_H 1
| #define HAVE_STRINGS_H 1
| #define HAVE_UNISTD_H 1
| #define HAVE_SYS_STAT_H 1
| #define HAVE_SYS_TYPES_H 1
| #define HAVE_ICONV 1
| #define ICONV_CONST 
| #define HAVE_ICONV_H 1
| #define HAVE_ICONV_T_DEF 1
| #define HAVE_PTHREAD_PRIO_INHERIT 1
| #define HAVE_PTHREAD 1
| #define HAVE_LIBZ 1
| #define HAVE_LIBFONTCONFIG 1
| #define HAVE_LIBJPEG 1
| /* end confdefs.h.  */
| #include <libimagequant.h>
configure:15075: result: no
configure:15075: checking for libimagequant.h
configure:15075: result: no
configure:15143: Disabling support for liq
configure:15158: checking whether to support xpm
configure:15168: result: auto
configure:15192: checking for LIBXPM
configure:15294: result: no
configure:15297: checking for XpmReadFileToXpmImage in -lXpm
configure:15322: gcc -o conftest -g -O2 -I/usr/X11/include         -L/usr/X11/lib conftest.c -lXpm     -lz   -lfontconfig   -ljpeg >&5
configure:15322: $? = 0
configure:15331: result: yes
configure:15379: checking whether to support tiff
configure:15389: result: auto
configure:15413: checking for LIBTIFF
configure:15515: result: no
configure:15518: checking for TIFFClientOpen in -ltiff
configure:15543: gcc -o conftest -g -O2 -I/usr/X11/include           -L/usr/X11/lib conftest.c -ltiff     -lz   -lfontconfig   -ljpeg   -lXpm >&5
configure:15543: $? = 0
configure:15552: result: yes
configure:15600: checking whether to support webp
configure:15610: result: auto
configure:15633: checking for WebPGetInfo in -lwebp
configure:15658: gcc -o conftest -g -O2 -I/usr/X11/include             -L/usr/X11/lib conftest.c -lwebp     -lz   -lfontconfig   -ljpeg   -lXpm   -ltiff >&5
ld: library not found for -lwebp
clang: error: linker command failed with exit code 1 (use -v to see invocation)
configure:15658: $? = 1
configure: failed program was:
| /* confdefs.h */
| #define PACKAGE_NAME "GD"
| #define PACKAGE_TARNAME "libgd"
| #define PACKAGE_VERSION "2.2.3"
| #define PACKAGE_STRING "GD 2.2.3"
| #define PACKAGE_BUGREPORT "https://github.com/libgd/libgd/issues"
| #define PACKAGE_URL "http://lib.gd"
| #define PACKAGE "libgd"
| #define VERSION "2.2.3"
| #define STDC_HEADERS 1
| #define HAVE_SYS_TYPES_H 1
| #define HAVE_SYS_STAT_H 1
| #define HAVE_STDLIB_H 1
| #define HAVE_STRING_H 1
| #define HAVE_MEMORY_H 1
| #define HAVE_STRINGS_H 1
| #define HAVE_INTTYPES_H 1
| #define HAVE_STDINT_H 1
| #define HAVE_UNISTD_H 1
| #define HAVE_DLFCN_H 1
| #define LT_OBJDIR ".libs/"
| #define STDC_HEADERS 1
| #define HAVE_DIRENT_H 1
| #define HAVE_ERRNO_H 1
| #define HAVE_INTTYPES_H 1
| #define HAVE_LIMITS_H 1
| #define HAVE_STDDEF_H 1
| #define HAVE_STDINT_H 1
| #define HAVE_STDLIB_H 1
| #define HAVE_STRING_H 1
| #define HAVE_STRINGS_H 1
| #define HAVE_UNISTD_H 1
| #define HAVE_SYS_STAT_H 1
| #define HAVE_SYS_TYPES_H 1
| #define HAVE_ICONV 1
| #define ICONV_CONST 
| #define HAVE_ICONV_H 1
| #define HAVE_ICONV_T_DEF 1
| #define HAVE_PTHREAD_PRIO_INHERIT 1
| #define HAVE_PTHREAD 1
| #define HAVE_LIBZ 1
| #define HAVE_LIBFONTCONFIG 1
| #define HAVE_LIBJPEG 1
| #define HAVE_LIBXPM 1
| #define HAVE_LIBTIFF 1
| /* end confdefs.h.  */
| 
| /* Override any GCC internal prototype to avoid an error.
|    Use char because int might match the return type of a GCC
|    builtin and then its argument prototype would still apply.  */
| #ifdef __cplusplus
| extern "C"
| #endif
| char WebPGetInfo ();
| int
| main ()
| {
| return WebPGetInfo ();
|   ;
|   return 0;
| }
configure:15667: result: no
configure:15691: Disabling support for webp
configure:15711: checking for simple visibility declarations
configure:15733: gcc -c -g -O2 -I/usr/X11/include -fvisibility=hidden            conftest.c >&5
configure:15733: $? = 0
configure:15742: result: yes
configure:15759: checking whether we are building for a Win32 host
configure:15771: gcc -c -g -O2 -I/usr/X11/include -fvisibility=hidden            conftest.c >&5
configure:15771: $? = 0
configure:15778: result: no
configure:15793: checking CFLAGS for maximum warnings
configure:15813: gcc -c -g -O2 -I/usr/X11/include -fvisibility=hidden -warn all  -warn all            conftest.c >&5
clang: error: unknown argument: '-warn'
clang: error: unknown argument: '-warn'
clang: error: no such file or directory: 'all'
clang: error: no such file or directory: 'all'
configure:15813: $? = 1
configure: failed program was:
| /* confdefs.h */
| #define PACKAGE_NAME "GD"
| #define PACKAGE_TARNAME "libgd"
| #define PACKAGE_VERSION "2.2.3"
| #define PACKAGE_STRING "GD 2.2.3"
| #define PACKAGE_BUGREPORT "https://github.com/libgd/libgd/issues"
| #define PACKAGE_URL "http://lib.gd"
| #define PACKAGE "libgd"
| #define VERSION "2.2.3"
| #define STDC_HEADERS 1
| #define HAVE_SYS_TYPES_H 1
| #define HAVE_SYS_STAT_H 1
| #define HAVE_STDLIB_H 1
| #define HAVE_STRING_H 1
| #define HAVE_MEMORY_H 1
| #define HAVE_STRINGS_H 1
| #define HAVE_INTTYPES_H 1
| #define HAVE_STDINT_H 1
| #define HAVE_UNISTD_H 1
| #define HAVE_DLFCN_H 1
| #define LT_OBJDIR ".libs/"
| #define STDC_HEADERS 1
| #define HAVE_DIRENT_H 1
| #define HAVE_ERRNO_H 1
| #define HAVE_INTTYPES_H 1
| #define HAVE_LIMITS_H 1
| #define HAVE_STDDEF_H 1
| #define HAVE_STDINT_H 1
| #define HAVE_STDLIB_H 1
| #define HAVE_STRING_H 1
| #define HAVE_STRINGS_H 1
| #define HAVE_UNISTD_H 1
| #define HAVE_SYS_STAT_H 1
| #define HAVE_SYS_TYPES_H 1
| #define HAVE_ICONV 1
| #define ICONV_CONST 
| #define HAVE_ICONV_H 1
| #define HAVE_ICONV_T_DEF 1
| #define HAVE_PTHREAD_PRIO_INHERIT 1
| #define HAVE_PTHREAD 1
| #define HAVE_LIBZ 1
| #define HAVE_LIBFONTCONFIG 1
| #define HAVE_LIBJPEG 1
| #define HAVE_LIBXPM 1
| #define HAVE_LIBTIFF 1
| #define HAVE_VISIBILITY 1
| /* end confdefs.h.  */
| 
| int
| main ()
| {
| 
|   ;
|   return 0;
| }
configure:15813: gcc -c -g -O2 -I/usr/X11/include -fvisibility=hidden -pedantic  -Wall            conftest.c >&5
configure:15813: $? = 0
configure:15821: result: -Wall
configure:15841: : CFLAGS="$CFLAGS"
configure:15844: $? = 0
configure:15893: result:
** Configuration summary for libgd 2.2.3:

   Support for Zlib:                 yes
   Support for PNG library:          no
   Support for JPEG library:         yes
   Support for WebP library:         no
   Support for TIFF library:         yes
   Support for Freetype 2.x library: no
   Support for Fontconfig library:   yes
   Support for Xpm library:          yes
   Support for liq library:          no
   Support for pthreads:             yes

configure:16021: checking that generated files are newer than configure
configure:16027: result: done
configure:16086: creating ./config.status

## ---------------------- ##
## Running config.status. ##
## ---------------------- ##

This file was extended by GD config.status 2.2.3, which was
generated by GNU Autoconf 2.69.  Invocation command line was

  CONFIG_FILES    = 
  CONFIG_HEADERS  = 
  CONFIG_LINKS    = 
  CONFIG_COMMANDS = 
  $ ./config.status 

on MacGio

config.status:1160: creating Makefile
config.status:1160: creating src/Makefile
config.status:1160: creating tests/Makefile
config.status:1160: creating tests/test_config.h
config.status:1160: creating config/Makefile
config.status:1160: creating config/gdlib-config
config.status:1160: creating config/gdlib.pc
config.status:1160: creating src/config.h
config.status:1389: executing depfiles commands
config.status:1389: executing libtool commands

## ---------------- ##
## Cache variables. ##
## ---------------- ##

ac_cv_build=x86_64-apple-darwin14.5.0
ac_cv_c_compiler_gnu=yes
ac_cv_cflags_warn_all=-Wall
ac_cv_env_CC_set=
ac_cv_env_CC_value=
ac_cv_env_CFLAGS_set=
ac_cv_env_CFLAGS_value=
ac_cv_env_CPPFLAGS_set=
ac_cv_env_CPPFLAGS_value=
ac_cv_env_CPP_set=
ac_cv_env_CPP_value=
ac_cv_env_LDFLAGS_set=
ac_cv_env_LDFLAGS_value=
ac_cv_env_LIBFONTCONFIG_CFLAGS_set=
ac_cv_env_LIBFONTCONFIG_CFLAGS_value=
ac_cv_env_LIBFONTCONFIG_LIBS_set=
ac_cv_env_LIBFONTCONFIG_LIBS_value=
ac_cv_env_LIBFREETYPE_CFLAGS_set=
ac_cv_env_LIBFREETYPE_CFLAGS_value=
ac_cv_env_LIBFREETYPE_LIBS_set=
ac_cv_env_LIBFREETYPE_LIBS_value=
ac_cv_env_LIBPNG_CFLAGS_set=
ac_cv_env_LIBPNG_CFLAGS_value=
ac_cv_env_LIBPNG_LIBS_set=
ac_cv_env_LIBPNG_LIBS_value=
ac_cv_env_LIBS_set=
ac_cv_env_LIBS_value=
ac_cv_env_LIBTIFF_CFLAGS_set=
ac_cv_env_LIBTIFF_CFLAGS_value=
ac_cv_env_LIBTIFF_LIBS_set=
ac_cv_env_LIBTIFF_LIBS_value=
ac_cv_env_LIBXPM_CFLAGS_set=
ac_cv_env_LIBXPM_CFLAGS_value=
ac_cv_env_LIBXPM_LIBS_set=
ac_cv_env_LIBXPM_LIBS_value=
ac_cv_env_LIBZ_CFLAGS_set=
ac_cv_env_LIBZ_CFLAGS_value=
ac_cv_env_LIBZ_LIBS_set=
ac_cv_env_LIBZ_LIBS_value=
ac_cv_env_PKG_CONFIG_LIBDIR_set=
ac_cv_env_PKG_CONFIG_LIBDIR_value=
ac_cv_env_PKG_CONFIG_PATH_set=
ac_cv_env_PKG_CONFIG_PATH_value=
ac_cv_env_PKG_CONFIG_set=
ac_cv_env_PKG_CONFIG_value=
ac_cv_env_XMKMF_set=
ac_cv_env_XMKMF_value=
ac_cv_env_build_alias_set=
ac_cv_env_build_alias_value=
ac_cv_env_host_alias_set=
ac_cv_env_host_alias_value=
ac_cv_env_target_alias_set=
ac_cv_env_target_alias_value=
ac_cv_func_sin=yes
ac_cv_have_x='have_x=yes	ac_x_includes='\''/usr/X11/include'\''	ac_x_libraries='\''/usr/X11/lib'\'''
ac_cv_header_dirent_h=yes
ac_cv_header_dlfcn_h=yes
ac_cv_header_errno_h=yes
ac_cv_header_iconv_h=yes
ac_cv_header_inttypes_h=yes
ac_cv_header_libimagequant_h=no
ac_cv_header_limits_h=yes
ac_cv_header_memory_h=yes
ac_cv_header_stdc=yes
ac_cv_header_stddef_h=yes
ac_cv_header_stdint_h=yes
ac_cv_header_stdlib_h=yes
ac_cv_header_string_h=yes
ac_cv_header_strings_h=yes
ac_cv_header_sys_stat_h=yes
ac_cv_header_sys_types_h=yes
ac_cv_header_unistd_h=yes
ac_cv_host=x86_64-apple-darwin14.5.0
ac_cv_lib_Xpm_XpmReadFileToXpmImage=yes
ac_cv_lib_fontconfig_FcInit=yes
ac_cv_lib_jpeg_jpeg_set_defaults=yes
ac_cv_lib_tiff_TIFFClientOpen=yes
ac_cv_lib_webp_WebPGetInfo=no
ac_cv_lib_z_deflate=yes
ac_cv_objext=o
ac_cv_path_EGREP='/usr/bin/grep -E'
ac_cv_path_FGREP='/usr/bin/grep -F'
ac_cv_path_GREP=/usr/bin/grep
ac_cv_path_SED=/usr/bin/sed
ac_cv_path_install='/usr/bin/install -c'
ac_cv_prog_AWK=awk
ac_cv_prog_CPP='gcc -E'
ac_cv_prog_ac_ct_AR=ar
ac_cv_prog_ac_ct_CC=gcc
ac_cv_prog_ac_ct_DSYMUTIL=dsymutil
ac_cv_prog_ac_ct_LIPO=lipo
ac_cv_prog_ac_ct_NMEDIT=nmedit
ac_cv_prog_ac_ct_OTOOL=otool
ac_cv_prog_ac_ct_RANLIB=ranlib
ac_cv_prog_ac_ct_STRIP=strip
ac_cv_prog_cc_c89=
ac_cv_prog_cc_c99=
ac_cv_prog_cc_g=yes
ac_cv_prog_cc_stdc=
ac_cv_prog_make_make_set=yes
acl_cv_hardcode_direct=no
acl_cv_hardcode_libdir_flag_spec=
acl_cv_hardcode_libdir_separator=
acl_cv_hardcode_minus_L=no
acl_cv_libext=a
acl_cv_libname_spec='lib$name'
acl_cv_library_names_spec='$libname$shrext'
acl_cv_path_LD=/Applications/Xcode.app/Contents/Developer/Toolchains/XcodeDefault.xctoolchain/usr/bin/ld
acl_cv_prog_gnu_ld=no
acl_cv_rpath=done
acl_cv_shlibext=dylib
acl_cv_wl=-Wl,
am_cv_CC_dependencies_compiler_type=gcc3
am_cv_ar_interface=ar
am_cv_func_iconv=yes
am_cv_func_iconv_works=yes
am_cv_lib_iconv=yes
am_cv_make_support_nested_variables=yes
am_cv_prog_cc_c_o=yes
am_cv_proto_iconv='extern size_t iconv (iconv_t cd, char * *inbuf, size_t *inbytesleft, char * *outbuf, size_t *outbytesleft);'
am_cv_proto_iconv_arg1=
ax_cv_PTHREAD_PRIO_INHERIT=yes
ax_cv_c_openmp=unknown
gl_cv_cc_visibility=yes
lt_cv_apple_cc_single_mod=yes
lt_cv_ar_at_file=no
lt_cv_deplibs_check_method=pass_all
lt_cv_file_magic_cmd='$MAGIC_CMD'
lt_cv_file_magic_test_file=
lt_cv_ld_exported_symbols_list=yes
lt_cv_ld_force_load=yes
lt_cv_ld_reload_flag=-r
lt_cv_nm_interface='BSD nm'
lt_cv_objdir=.libs
lt_cv_path_LD=/Applications/Xcode.app/Contents/Developer/Toolchains/XcodeDefault.xctoolchain/usr/bin/ld
lt_cv_path_NM=/usr/bin/nm
lt_cv_path_mainfest_tool=no
lt_cv_prog_compiler_c_o=yes
lt_cv_prog_compiler_pic='-fno-common -DPIC'
lt_cv_prog_compiler_pic_works=yes
lt_cv_prog_compiler_rtti_exceptions=yes
lt_cv_prog_compiler_static_works=no
lt_cv_prog_gnu_ld=no
lt_cv_sharedlib_from_linklib_cmd='printf %s\n'
lt_cv_sys_global_symbol_pipe='sed -n -e '\''s/^.*[	 ]\([BCDEGRST][BCDEGRST]*\)[	 ][	 ]*_\([_A-Za-z][_A-Za-z0-9]*\)$/\1 _\2 \2/p'\'' | sed '\''/ __gnu_lto/d'\'''
lt_cv_sys_global_symbol_to_c_name_address='sed -n -e '\''s/^: \([^ ]*\)[ ]*$/  {\"\1\", (void *) 0},/p'\'' -e '\''s/^[BCDEGRST]* \([^ ]*\) \([^ ]*\)$/  {"\2", (void *) \&\2},/p'\'''
lt_cv_sys_global_symbol_to_c_name_address_lib_prefix='sed -n -e '\''s/^: \([^ ]*\)[ ]*$/  {\"\1\", (void *) 0},/p'\'' -e '\''s/^[BCDEGRST]* \([^ ]*\) \(lib[^ ]*\)$/  {"\2", (void *) \&\2},/p'\'' -e '\''s/^[BCDEGRST]* \([^ ]*\) \([^ ]*\)$/  {"lib\2", (void *) \&\2},/p'\'''
lt_cv_sys_global_symbol_to_cdecl='sed -n -e '\''s/^T .* \(.*\)$/extern int \1();/p'\'' -e '\''s/^[BCDEGRST]* .* \(.*\)$/extern char \1;/p'\'''
lt_cv_sys_max_cmd_len=196608
lt_cv_to_host_file_cmd=func_convert_file_noop
lt_cv_to_tool_file_cmd=func_convert_file_noop
mingw_cv_win32_host=no

## ----------------- ##
## Output variables. ##
## ----------------- ##

ACLOCAL='${SHELL} /Users/gionatangallo/workspace/collageMaker/libgd-2.2.3/config/missing aclocal-1.14'
AMDEPBACKSLASH='\'
AMDEP_FALSE='#'
AMDEP_TRUE=''
AMTAR='$${TAR-tar}'
AM_BACKSLASH='\'
AM_DEFAULT_V='$(AM_DEFAULT_VERBOSITY)'
AM_DEFAULT_VERBOSITY='1'
AM_V='$(V)'
AR='ar'
AUTOCONF='${SHELL} /Users/gionatangallo/workspace/collageMaker/libgd-2.2.3/config/missing autoconf'
AUTOHEADER='${SHELL} /Users/gionatangallo/workspace/collageMaker/libgd-2.2.3/config/missing autoheader'
AUTOMAKE='${SHELL} /Users/gionatangallo/workspace/collageMaker/libgd-2.2.3/config/missing automake-1.14'
AWK='awk'
CC='gcc'
CCDEPMODE='depmode=gcc3'
CFLAGS='-Werror -g -O2 -I/usr/X11/include -fvisibility=hidden -Wall'
CFLAG_VISIBILITY='-fvisibility=hidden'
CPP='gcc -E'
CPPFLAGS='          '
CYGPATH_W='echo'
DEFS='-DHAVE_CONFIG_H'
DEPDIR='.deps'
DLLTOOL='false'
DSYMUTIL='dsymutil'
DUMPBIN=''
ECHO_C='\c'
ECHO_N=''
ECHO_T=''
EGREP='/usr/bin/grep -E'
EXEEXT=''
FEATURES='GD_GIF GD_GIFANIM GD_OPENPOLYGON GD_ZLIB GD_FONTCONFIG GD_JPEG GD_XPM GD_TIFF'
FGREP='/usr/bin/grep -F'
GDLIB_EXTRA=''
GDLIB_LT_AGE='0'
GDLIB_LT_CURRENT='3'
GDLIB_LT_REVISION='3'
GDLIB_MAJOR='2'
GDLIB_MINOR='2'
GDLIB_REVISION='3'
GDLIB_VERSION='2.2.3'
GREP='/usr/bin/grep'
HAVE_LIBFONTCONFIG_FALSE='#'
HAVE_LIBFONTCONFIG_TRUE=''
HAVE_LIBFREETYPE_FALSE=''
HAVE_LIBFREETYPE_TRUE='#'
HAVE_LIBIMAGEQUANT_FALSE=''
HAVE_LIBIMAGEQUANT_TRUE='#'
HAVE_LIBJPEG_FALSE='#'
HAVE_LIBJPEG_TRUE=''
HAVE_LIBPNG_FALSE=''
HAVE_LIBPNG_TRUE='#'
HAVE_LIBTIFF_FALSE='#'
HAVE_LIBTIFF_TRUE=''
HAVE_LIBWEBP_FALSE=''
HAVE_LIBWEBP_TRUE='#'
HAVE_LIBXPM_FALSE='#'
HAVE_LIBXPM_TRUE=''
HAVE_LIBZ_FALSE='#'
HAVE_LIBZ_TRUE=''
HAVE_VISIBILITY='1'
INSTALL_DATA='${INSTALL} -m 644'
INSTALL_PROGRAM='${INSTALL}'
INSTALL_SCRIPT='${INSTALL}'
INSTALL_STRIP_PROGRAM='$(install_sh) -c -s'
LD='/Applications/Xcode.app/Contents/Developer/Toolchains/XcodeDefault.xctoolchain/usr/bin/ld'
LDFLAGS=' -L/usr/X11/lib'
LIBFONTCONFIG_CFLAGS=' '
LIBFONTCONFIG_LIBS='  -lfontconfig'
LIBFREETYPE_CFLAGS=''
LIBFREETYPE_LIBS=''
LIBICONV='-liconv'
LIBOBJS=''
LIBPNG_CFLAGS=''
LIBPNG_LIBS=''
LIBS='   -lz   -lfontconfig   -ljpeg   -lXpm   -ltiff'
LIBTIFF_CFLAGS=' '
LIBTIFF_LIBS='  -ltiff'
LIBTOOL='$(SHELL) $(top_builddir)/libtool'
LIBXPM_CFLAGS=' '
LIBXPM_LIBS='  -lXpm'
LIBZ_CFLAGS=' '
LIBZ_LIBS='  -lz'
LIPO='lipo'
LN_S='ln -s'
LTLIBICONV='-liconv'
LTLIBOBJS=''
MAKEINFO='${SHELL} /Users/gionatangallo/workspace/collageMaker/libgd-2.2.3/config/missing makeinfo'
MANIFEST_TOOL=':'
MKDIR_P='config/install-sh -c -d'
NM='/usr/bin/nm'
NMEDIT='nmedit'
OBJDUMP='false'
OBJEXT='o'
OTOOL64=':'
OTOOL='otool'
PACKAGE='libgd'
PACKAGE_BUGREPORT='https://github.com/libgd/libgd/issues'
PACKAGE_NAME='GD'
PACKAGE_STRING='GD 2.2.3'
PACKAGE_TARNAME='libgd'
PACKAGE_URL='http://lib.gd'
PACKAGE_VERSION='2.2.3'
PATH_SEPARATOR=':'
PKG_CONFIG=''
PKG_CONFIG_LIBDIR=''
PKG_CONFIG_PATH=''
PTHREAD_CC='gcc'
PTHREAD_CFLAGS='-D_THREAD_SAFE -pthread'
PTHREAD_LIBS=''
RANLIB='ranlib'
SED='/usr/bin/sed'
SET_MAKE=''
SHELL='/bin/sh'
STRIP='strip'
VERSION='2.2.3'
XMKMF=''
ac_ct_AR='ar'
ac_ct_CC='gcc'
ac_ct_DUMPBIN=''
am__EXEEXT_FALSE=''
am__EXEEXT_TRUE='#'
am__fastdepCC_FALSE='#'
am__fastdepCC_TRUE=''
am__include='include'
am__isrc=''
am__leading_dot='.'
am__nodep='_no'
am__quote=''
am__tar='$${TAR-tar} chof - "$$tardir"'
am__untar='$${TAR-tar} xf -'
ax_pthread_config=''
bindir='${exec_prefix}/bin'
build='x86_64-apple-darwin14.5.0'
build_alias=''
build_cpu='x86_64'
build_os='darwin14.5.0'
build_vendor='apple'
datadir='${datarootdir}'
datarootdir='${prefix}/share'
docdir='${datarootdir}/doc/${PACKAGE_TARNAME}'
dvidir='${docdir}'
exec_prefix='${prefix}'
host='x86_64-apple-darwin14.5.0'
host_alias=''
host_cpu='x86_64'
host_os='darwin14.5.0'
host_vendor='apple'
htmldir='${docdir}'
includedir='${prefix}/include'
infodir='${datarootdir}/info'
install_sh='${SHELL} /Users/gionatangallo/workspace/collageMaker/libgd-2.2.3/config/install-sh'
libdir='${exec_prefix}/lib'
libexecdir='${exec_prefix}/libexec'
localedir='${datarootdir}/locale'
localstatedir='${prefix}/var'
mandir='${datarootdir}/man'
mkdir_p='$(MKDIR_P)'
oldincludedir='/usr/include'
pdfdir='${docdir}'
prefix='/usr/local'
program_transform_name='s,x,x,'
psdir='${docdir}'
sbindir='${exec_prefix}/sbin'
sharedstatedir='${prefix}/com'
sysconfdir='${prefix}/etc'
target_alias=''

## ----------- ##
## confdefs.h. ##
## ----------- ##

/* confdefs.h */
#define PACKAGE_NAME "GD"
#define PACKAGE_TARNAME "libgd"
#define PACKAGE_VERSION "2.2.3"
#define PACKAGE_STRING "GD 2.2.3"
#define PACKAGE_BUGREPORT "https://github.com/libgd/libgd/issues"
#define PACKAGE_URL "http://lib.gd"
#define PACKAGE "libgd"
#define VERSION "2.2.3"
#define STDC_HEADERS 1
#define HAVE_SYS_TYPES_H 1
#define HAVE_SYS_STAT_H 1
#define HAVE_STDLIB_H 1
#define HAVE_STRING_H 1
#define HAVE_MEMORY_H 1
#define HAVE_STRINGS_H 1
#define HAVE_INTTYPES_H 1
#define HAVE_STDINT_H 1
#define HAVE_UNISTD_H 1
#define HAVE_DLFCN_H 1
#define LT_OBJDIR ".libs/"
#define STDC_HEADERS 1
#define HAVE_DIRENT_H 1
#define HAVE_ERRNO_H 1
#define HAVE_INTTYPES_H 1
#define HAVE_LIMITS_H 1
#define HAVE_STDDEF_H 1
#define HAVE_STDINT_H 1
#define HAVE_STDLIB_H 1
#define HAVE_STRING_H 1
#define HAVE_STRINGS_H 1
#define HAVE_UNISTD_H 1
#define HAVE_SYS_STAT_H 1
#define HAVE_SYS_TYPES_H 1
#define HAVE_ICONV 1
#define ICONV_CONST 
#define HAVE_ICONV_H 1
#define HAVE_ICONV_T_DEF 1
#define HAVE_PTHREAD_PRIO_INHERIT 1
#define HAVE_PTHREAD 1
#define HAVE_LIBZ 1
#define HAVE_LIBFONTCONFIG 1
#define HAVE_LIBJPEG 1
#define HAVE_LIBXPM 1
#define HAVE_LIBTIFF 1
#define HAVE_VISIBILITY 1

configure: exit 0
